<?xml version="1.0" encoding="UTF-8"?>
<!-- Generated by org.testng.reporters.JUnitReportReporter -->
<testsuite hostname="DESKTOP-Q8V08M2" failures="0" tests="2" name="Base.BaseClass" time="13.531" errors="0" timestamp="2025-04-01T20:18:25 IST" skipped="0">
  <testcase classname="Base.BaseClass" name="myTest2" time="3.333"/>
  <testcase classname="Base.BaseClass" name="myTest" time="10.198"/>
</testsuite> <!-- Base.BaseClass -->
