<?xml version="1.0" encoding="UTF-8"?>
<!-- Generated by org.testng.reporters.JUnitReportReporter -->
<testsuite hostname="DESKTOP-Q8V08M2" failures="0" tests="1" name="pack2.Class1Pack2" time="0.000" errors="0" timestamp="2025-04-01T18:06:49 IST" skipped="1">
  <testcase classname="pack2.Class1Pack2" name="test" time="0.000">
    <skipped/>
  </testcase> <!-- test -->
</testsuite> <!-- pack2.Class1Pack2 -->
