<?xml version="1.0" encoding="UTF-8"?>
<!-- Generated by org.testng.reporters.JUnitReportReporter -->
<testsuite hostname="DESKTOP-Q8V08M2" failures="0" tests="7" name="tests.Calendar" time="37.654" errors="0" timestamp="2025-04-17T02:00:51 IST" skipped="0">
  <testcase classname="tests.Calendar" name="futureYearPrevMonth" time="5.694"/>
  <system-out/>
  <testcase classname="tests.Calendar" name="futureYearNextMonth" time="7.569"/>
  <system-out/>
  <testcase classname="tests.Calendar" name="previousYearPrevMonth" time="6.387"/>
  <system-out/>
  <testcase classname="tests.Calendar" name="previousYearNextMonth" time="8.184"/>
  <system-out/>
  <testcase classname="tests.Calendar" name="currentYearPrevMonth" time="3.598"/>
  <system-out/>
  <testcase classname="tests.Calendar" name="currentYearNextMonth" time="3.664"/>
  <system-out/>
  <testcase classname="tests.Calendar" name="currentYearCurrentMonth" time="2.558"/>
  <system-out/>
</testsuite> <!-- tests.Calendar -->
