<?xml version="1.0" encoding="UTF-8"?>
<!-- Generated by org.testng.reporters.JUnitReportReporter -->
<testsuite hostname="DESKTOP-Q8V08M2" failures="0" tests="1" name="pack1.Class1Pack1" time="0.003" errors="0" timestamp="2025-04-01T20:18:25 IST" skipped="0">
  <testcase classname="pack1.Class1Pack1" name="test1" time="0.003"/>
</testsuite> <!-- pack1.Class1Pack1 -->
