<?xml version="1.0" encoding="UTF-8"?>
<!-- Generated by org.testng.reporters.JUnitReportReporter -->
<testsuite hostname="DESKTOP-Q8V08M2" failures="0" tests="1" name="tests.JsDelay" time="12.053" errors="0" timestamp="2025-04-17T02:00:51 IST" skipped="0">
  <testcase classname="tests.JsDelay" name="verifyJsDelay" time="12.053"/>
  <system-out/>
</testsuite> <!-- tests.JsDelay -->
