<?xml version="1.0" encoding="UTF-8"?>
<!-- Generated by org.testng.reporters.JUnitReportReporter -->
<testsuite hostname="DESKTOP-Q8V08M2" failures="0" tests="2" name="tests.Slider" time="5.427" errors="0" timestamp="2025-04-17T02:00:51 IST" skipped="0">
  <testcase classname="tests.Slider" name="slideUsingHover" time="2.727"/>
  <system-out/>
  <testcase classname="tests.Slider" name="slideUsingDragDrop" time="2.700"/>
  <system-out/>
</testsuite> <!-- tests.Slider -->
