<?xml version="1.0" encoding="UTF-8"?>
<!-- Generated by org.testng.reporters.JUnitReportReporter -->
<testsuite hostname="DESKTOP-Q8V08M2" failures="0" tests="1" name="tests.FormFields" time="3.717" errors="0" timestamp="2025-04-07T15:36:02 IST" skipped="0">
  <testcase classname="tests.FormFields" name="submitFormOnlyMandatory" time="3.717"/>
  <system-out/>
</testsuite> <!-- tests.FormFields -->
