<?xml version="1.0" encoding="UTF-8"?>
<!-- Generated by org.testng.reporters.JUnitReportReporter -->
<testsuite hostname="DESKTOP-Q8V08M2" failures="0" tests="1" name="tests.JsDelay" time="11.961" errors="0" timestamp="2025-04-10T16:25:59 IST" skipped="0">
  <testcase classname="tests.JsDelay" name="verifyJsDelay" time="11.961"/>
  <system-out/>
</testsuite> <!-- tests.JsDelay -->
