<?xml version="1.0" encoding="UTF-8"?>
<!-- Generated by org.testng.reporters.JUnitReportReporter -->
<testsuite hostname="DESKTOP-Q8V08M2" failures="0" tests="1" name="tests.Popups" time="3.181" errors="0" timestamp="2025-04-07T21:32:26 IST" skipped="0">
  <testcase classname="tests.Popups" name="verifyTooltipText" time="3.181"/>
  <system-out/>
</testsuite> <!-- tests.Popups -->
