<?xml version="1.0" encoding="UTF-8"?>
<!-- Generated by org.testng.reporters.JUnitReportReporter -->
<testsuite hostname="DESKTOP-Q8V08M2" failures="0" tests="6" name="tests.Popups" time="9.440" errors="0" timestamp="2025-04-17T02:00:51 IST" skipped="0">
  <testcase classname="tests.Popups" name="verifyAlertPopupText" time="1.513"/>
  <system-out/>
  <testcase classname="tests.Popups" name="verifyConfirmPopupOkText" time="1.730"/>
  <system-out/>
  <testcase classname="tests.Popups" name="verifyConfirmPopupCancelText" time="1.467"/>
  <system-out/>
  <testcase classname="tests.Popups" name="verifyPromptPopupNoValueText" time="1.730"/>
  <system-out/>
  <testcase classname="tests.Popups" name="verifyPromptPopupValueText" time="1.442"/>
  <system-out/>
  <testcase classname="tests.Popups" name="verifyTooltipText" time="1.558"/>
  <system-out/>
</testsuite> <!-- tests.Popups -->
