<?xml version="1.0" encoding="UTF-8"?>
<!-- Generated by org.testng.reporters.JUnitReportReporter -->
<testsuite hostname="DESKTOP-Q8V08M2" failures="0" tests="6" name="tests.Popups" time="10.324" errors="0" timestamp="2025-04-10T16:25:59 IST" skipped="0">
  <testcase classname="tests.Popups" name="verifyAlertPopupText" time="2.032"/>
  <system-out/>
  <testcase classname="tests.Popups" name="verifyConfirmPopupOkText" time="1.622"/>
  <system-out/>
  <testcase classname="tests.Popups" name="verifyConfirmPopupCancelText" time="1.617"/>
  <system-out/>
  <testcase classname="tests.Popups" name="verifyPromptPopupNoValueText" time="1.526"/>
  <system-out/>
  <testcase classname="tests.Popups" name="verifyPromptPopupValueText" time="1.915"/>
  <system-out/>
  <testcase classname="tests.Popups" name="verifyTooltipText" time="1.612"/>
  <system-out/>
</testsuite> <!-- tests.Popups -->
