<?xml version="1.0" encoding="UTF-8"?>
<!-- Generated by org.testng.reporters.JUnitReportReporter -->
<testsuite hostname="DESKTOP-Q8V08M2" failures="0" tests="3" name="tests.FormFields" time="15.501" errors="0" timestamp="2025-04-03T00:44:37 IST" skipped="0">
  <testcase classname="tests.FormFields" name="submitFormOnlyMandatory" time="3.518"/>
  <system-out/>
  <testcase classname="tests.FormFields" name="submitFormAllFields" time="5.905"/>
  <system-out/>
  <testcase classname="tests.FormFields" name="submitFormWithoutMandatory" time="6.078"/>
  <system-out/>
</testsuite> <!-- tests.FormFields -->
