<?xml version="1.0" encoding="UTF-8"?>
<!-- Generated by org.testng.reporters.JUnitReportReporter -->
<testsuite hostname="DESKTOP-Q8V08M2" failures="0" tests="1" name="Base.BaseClass" time="0.005" errors="0" timestamp="2025-04-01T19:04:47 IST" skipped="0">
  <testcase classname="Base.BaseClass" name="myTest" time="0.005"/>
</testsuite> <!-- Base.BaseClass -->
