<?xml version="1.0" encoding="UTF-8"?>
<!-- Generated by org.testng.reporters.JUnitReportReporter -->
<testsuite hostname="DESKTOP-Q8V08M2" failures="0" tests="1" name="pack2.Class1Pack2" time="0.002" errors="0" timestamp="2025-04-01T19:04:47 IST" skipped="0">
  <testcase classname="pack2.Class1Pack2" name="test" time="0.002"/>
</testsuite> <!-- pack2.Class1Pack2 -->
